[2025-06-24 12:14:35][WARNING] No hay preview image para external_id https://es.kiosko.net/uk/np/guardian.html
[2025-06-24 12:14:35][WARNING] No hay preview image para external_id https://es.kiosko.net/uk/np/ft_uk.html
[2025-06-24 12:14:35][WARNING] No hay preview image para external_id https://es.kiosko.net/ar/np/ar_clarin.html
[2025-06-24 12:14:35][WARNING] No hay preview image para external_id https://es.kiosko.net/ar/np/ar_cronista.html
[2025-06-24 12:14:35][WARNING] No hay preview image para external_id https://es.kiosko.net/ar/np/ar_chubut.html
[2025-06-24 12:14:35][WARNING] No hay preview image para external_id https://es.kiosko.net/ar/np/nacion.html
[2025-06-24 12:14:35][WARNING] No hay preview image para external_id https://es.kiosko.net/py/np/nacion.html
[2025-06-24 12:14:35][WARNING] No hay preview image para external_id https://www.abc.com.py/edicion-impresa/
[2025-06-24 12:14:35][WARNING] No hay preview image para external_id https://www.extra.com.py/
[2025-06-24 12:14:35][WARNING] No hay preview image para external_id https://es.kiosko.net/br/np/br_oglobo.html
[2025-06-24 12:14:35][WARNING] No hay preview image para external_id https://es.kiosko.net/br/np/br_folha_spaulo.html
[2025-06-24 12:14:35][WARNING] No hay preview image para external_id https://es.kiosko.net/br/np/br_estado_spaulo.html
[2025-06-24 12:14:35][WARNING] No hay preview image para external_id https://es.kiosko.net/br/np/br_extra.html
[2025-06-24 12:14:35][WARNING] No hay preview image para external_id https://es.kiosko.net/us/np/newyork_times.html
[2025-06-24 12:14:35][WARNING] No hay preview image para external_id https://es.kiosko.net/us/np/washington_post.html
[2025-06-24 12:14:35][WARNING] No hay preview image para external_id https://es.kiosko.net/us/np/wsj.html
[2025-06-24 12:14:35][WARNING] No hay preview image para external_id https://es.kiosko.net/us/np/usa_today.html
[2025-06-24 12:14:35][WARNING] No hay preview image para external_id https://es.kiosko.net/us/np/boston_globe.html
[2025-06-24 12:14:35][WARNING] No hay preview image para external_id https://es.kiosko.net/us/np/chicago_tribune.html
[2025-06-24 12:14:35][WARNING] No hay preview image para external_id https://es.kiosko.net/uy/np/uy_ladiaria.html
[2025-06-24 12:14:35][WARNING] No hay preview image para external_id https://es.kiosko.net/uy/np/uy_elpais.html
[2025-06-24 12:14:35][WARNING] No hay preview image para external_id https://es.kiosko.net/cl/np/cl_mercurio.html
[2025-06-24 12:14:35][WARNING] No hay preview image para external_id https://es.kiosko.net/cl/np/cl_tercera.html
[2025-06-24 12:14:35][WARNING] No hay preview image para external_id https://es.kiosko.net/co/np/co_espectador.html
[2025-06-24 12:14:35][WARNING] No hay preview image para external_id https://es.kiosko.net/co/np/co_heraldo.html
[2025-06-24 12:14:35][WARNING] No hay preview image para external_id https://es.kiosko.net/ec/np/ec_expreso.html
[2025-06-24 12:14:35][WARNING] No hay preview image para external_id https://es.kiosko.net/pe/np/pe_comercio.html
[2025-06-24 12:14:35][WARNING] No hay preview image para external_id https://es.kiosko.net/pe/np/pe_republica.html
[2025-06-24 12:14:35][WARNING] No hay preview image para external_id https://es.kiosko.net/pe/np/pe_libero.html
[2025-06-24 12:14:35][WARNING] No hay preview image para external_id https://es.kiosko.net/ve/np/ve_universal.html
[2025-06-24 12:14:35][WARNING] No hay preview image para external_id https://es.kiosko.net/ve/np/ve_nacional.html
[2025-06-24 12:14:35][WARNING] No hay preview image para external_id https://eldeber.com.bo/
[2025-06-24 12:14:35][WARNING] No hay preview image para external_id https://www.lostiempos.com/
[2025-06-24 12:14:35][WARNING] No hay preview image para external_id https://es.kiosko.net/mx/np/mx_universal.html
[2025-06-24 12:14:35][WARNING] No hay preview image para external_id https://es.kiosko.net/mx/np/mx_financiero.html
[2025-06-24 12:14:35][WARNING] No hay preview image para external_id https://es.kiosko.net/mx/np/mx_eleconomista.html
[2025-06-24 12:14:35][WARNING] No hay preview image para external_id https://es.kiosko.net/mx/np/mx_excelsior.html
[2025-06-24 12:14:35][WARNING] No hay preview image para external_id https://es.kiosko.net/mx/np/mx_jornada.html
[2025-06-24 12:14:35][WARNING] No hay preview image para external_id https://es.kiosko.net/mx/np/mx_milenio.html
[2025-06-24 12:14:35][WARNING] No hay preview image para external_id https://es.kiosko.net/mx/np/mx_reforma.html
[2025-06-24 12:14:35][WARNING] No hay preview image para external_id https://es.kiosko.net/pa/np/estrella_panama.html
[2025-06-24 12:14:35][WARNING] No hay preview image para external_id https://es.kiosko.net/ar/np/ar_voz_interior.html
[2025-06-24 12:14:35][WARNING] No hay preview image para external_id https://es.kiosko.net/ar/np/ar_litoral_sfe.html
[2025-06-24 12:14:35][INFO] Preview image para external_id 1291011046090711040: images/melwater/previews/1291011046090711040_5004_preview.webp
[2025-06-24 12:14:35][INFO] Preview image para external_id 30054530: images/melwater/previews/30054530_1779_preview.webp
[2025-06-24 12:14:35][INFO] Preview image para external_id 105696089: images/melwater/previews/105696089_9275_preview.webp
[2025-06-24 12:14:35][INFO] Preview image para external_id 14436030: images/melwater/previews/14436030_6796_preview.webp
[2025-06-24 12:14:35][INFO] Preview image para external_id 44489439: images/melwater/previews/44489439_5470_preview.webp
[2025-06-24 12:14:35][INFO] Preview image para external_id 7996082: images/melwater/previews/7996082_7786_preview.webp
[2025-06-24 12:14:35][INFO] Preview image para external_id 1602366048157798425: images/melwater/previews/1602366048157798425_9586_preview.webp
[2025-06-24 12:14:35][INFO] Preview image para external_id 260427586: images/melwater/previews/260427586_8762_preview.webp
[2025-06-24 12:14:35][INFO] Preview image para external_id 234883590: images/melwater/previews/234883590_4411_preview.webp
[2025-06-24 12:14:35][INFO] Preview image para external_id 19923515: images/melwater/previews/19923515_5297_preview.webp
[24-Jun-2025 12:14:35 America/Montevideo] Total documentos obtenidos de portadas: 53
[24-Jun-2025 12:14:35 America/Montevideo] Rango de fechas: 2025-06-23 18:00:00 hasta 2025-06-24 12:14:35
[24-Jun-2025 12:14:35 America/Montevideo] Documentos después de filtrar fechas: 53
[2025-06-24 12:14:35][INFO] Iniciando proceso de actualización
[2025-06-24 12:14:35][INFO] Total documentos obtenidos: 53
[2025-06-24 12:14:35][INFO] Documentos filtrados: 53
[2025-06-24 12:14:35][INFO] Rango de fechas: 2025-06-23 18:00:00 hasta 2025-06-24 12:14:35
[2025-06-24 12:14:35][INFO] Limpiando tabla covers...
[2025-06-24 12:14:37][INFO] Tabla covers limpiada exitosamente
[2025-06-24 12:14:37][INFO] Iniciando proceso: Limpieza de Portadas
[2025-06-24 12:14:45][INFO] Registros en la tabla covers antes de limpiar: 0
[2025-06-24 12:14:45][INFO] Registros en la tabla covers después de limpiar: 0
[2025-06-24 12:14:45][INFO] Archivos de imágenes eliminados del directorio: /home2/eyewatch/public_html/website_6c3be7ed/images/covers
[2025-06-24 12:14:45][INFO] Limpieza completada exitosamente
[2025-06-24 12:14:45][INFO] Proceso Limpieza de Portadas completado exitosamente
[2025-06-24 12:14:45][INFO] Iniciando proceso: Actualización de Meltwater
[2025-06-24 12:14:54][INFO] {"success":true,"message":"Procesamiento completado: 0 nuevos registros, 14 actualizados, 3 saltados (ya actualizados)."}
[2025-06-24 12:14:54][INFO] Proceso Actualización de Meltwater completado exitosamente
[2025-06-24 12:14:54][INFO] Iniciando proceso: Scraping de Portadas
[2025-06-24 12:23:38][INFO] Preview image para external_id 1291011046090711040: images/melwater/previews/1291011046090711040_5004_preview.webp
[2025-06-24 12:23:38][INFO] Preview image para external_id 30054530: images/melwater/previews/30054530_1779_preview.webp
[2025-06-24 12:23:38][INFO] Preview image para external_id 105696089: images/melwater/previews/105696089_9275_preview.webp
[2025-06-24 12:23:38][INFO] Preview image para external_id 14436030: images/melwater/previews/14436030_6796_preview.webp
[2025-06-24 12:23:38][INFO] Preview image para external_id 30054530: images/melwater/previews/30054530_1779_preview.webp
[2025-06-24 12:23:38][INFO] Preview image para external_id 7996082: images/melwater/previews/7996082_7786_preview.webp
[2025-06-24 12:23:38][INFO] Preview image para external_id 1602366048157798425: images/melwater/previews/1602366048157798425_9586_preview.webp
[2025-06-24 12:23:38][INFO] Preview image para external_id 260427586: images/melwater/previews/260427586_8762_preview.webp
[2025-06-24 12:23:38][INFO] Preview image para external_id 234883590: images/melwater/previews/234883590_4411_preview.webp
[2025-06-24 12:23:38][INFO] Preview image para external_id 718956501923192833: images/melwater/previews/718956501923192833_6900_preview.webp
[24-Jun-2025 12:23:38 America/Montevideo] Total documentos obtenidos de portadas: 10
[24-Jun-2025 12:23:38 America/Montevideo] Rango de fechas: 2025-06-23 18:00:00 hasta 2025-06-24 12:23:38
[24-Jun-2025 12:23:38 America/Montevideo] Documentos después de filtrar fechas: 10
[2025-06-24 12:23:38][INFO] Iniciando proceso de actualización
[2025-06-24 12:23:38][INFO] Total documentos obtenidos: 10
[2025-06-24 12:23:38][INFO] Documentos filtrados: 10
[2025-06-24 12:23:38][INFO] Rango de fechas: 2025-06-23 18:00:00 hasta 2025-06-24 12:23:38
[2025-06-24 12:23:38][INFO] Limpiando tabla covers...
[2025-06-24 12:23:39][INFO] Tabla covers limpiada exitosamente
[2025-06-24 12:23:39][INFO] Iniciando proceso: Limpieza de Portadas
[2025-06-24 12:23:39][INFO] Registros en la tabla covers antes de limpiar: 0
[2025-06-24 12:23:39][INFO] Registros en la tabla covers después de limpiar: 0
[2025-06-24 12:23:39][INFO] Archivos de imágenes eliminados del directorio: /home2/eyewatch/public_html/website_6c3be7ed/images/covers
[2025-06-24 12:23:39][INFO] Limpieza completada exitosamente
[2025-06-24 12:23:39][INFO] Proceso Limpieza de Portadas completado exitosamente
[2025-06-24 12:23:39][INFO] Iniciando proceso: Actualización de Meltwater
[2025-06-24 12:23:41][INFO] {"success":true,"message":"Procesamiento completado: 0 nuevos registros, 14 actualizados, 3 saltados (ya actualizados)."}
[2025-06-24 12:23:41][INFO] Proceso Actualización de Meltwater completado exitosamente
[2025-06-24 12:23:41][INFO] Iniciando proceso: Scraping de Portadas
[2025-06-24 12:25:57][INFO] 
[2025-06-24 12:25:57][INFO] Scraping iniciado a las 12:23:41.
[2025-06-24 12:25:57][INFO] Total de sitios a scrapear: 28
[2025-06-24 12:25:57][INFO] <br>Procesando [1/28: 4%] https://es.kiosko.net/uk/np/guardian.html
[2025-06-24 12:25:57][INFO] <br>Procesando [2/28: 7%] https://es.kiosko.net/uk/np/ft_uk.html
[2025-06-24 12:25:57][INFO] <br>Procesando [3/28: 11%] https://es.kiosko.net/ar/
[2025-06-24 12:25:57][INFO] <br>Procesando [4/28: 14%] https://es.kiosko.net/py/
[2025-06-24 12:25:57][INFO] <br>Procesando [5/28: 18%] https://www.adndigital.com.py/
[2025-06-24 12:25:57][INFO] <br>Procesando [6/28: 21%] https://www.cronica.com.py/
[2025-06-24 12:25:57][INFO] <br>Procesando [7/28: 25%] https://independiente.com.py
[2025-06-24 12:25:57][INFO] <br>Procesando [8/28: 29%] https://www.popular.com.py/
[2025-06-24 12:25:57][INFO] <br>Procesando [9/28: 32%] https://www.abc.com.py/edicion-impresa/
[2025-06-24 12:25:57][INFO] <br>Procesando [10/28: 36%] https://www.extra.com.py/
[2025-06-24 12:25:57][INFO] <br>Procesando [11/28: 39%] https://www.ip.gov.py/ip/
[2025-06-24 12:25:57][INFO] <br>Procesando [12/28: 43%] https://es.kiosko.net/br/
[2025-06-24 12:25:57][INFO] <br>Procesando [13/28: 46%] https://es.kiosko.net/us/
[2025-06-24 12:25:57][INFO] <br>Procesando [14/28: 50%] https://es.kiosko.net/uy/
[2025-06-24 12:25:57][INFO] <br>Procesando [15/28: 54%] https://www.elobservador.com.uy/
[2025-06-24 12:25:57][INFO] <br>Procesando [16/28: 57%] https://es.kiosko.net/cl/
[2025-06-24 12:25:57][INFO] <br>Procesando [17/28: 61%] https://es.kiosko.net/co/
[2025-06-24 12:25:57][INFO] <br>Procesando [18/28: 64%] https://es.kiosko.net/ec/
[2025-06-24 12:25:57][INFO] <br>Procesando [19/28: 68%] https://es.kiosko.net/pe/
[2025-06-24 12:25:57][INFO] <br>Procesando [20/28: 71%] https://es.kiosko.net/ve/
[2025-06-24 12:25:57][INFO] <br>Procesando [21/28: 75%] https://es.kiosko.net/bo/
[2025-06-24 12:25:57][INFO] <br>Procesando [22/28: 79%] https://eldeber.com.bo/
[2025-06-24 12:25:57][INFO] <br>Procesando [23/28: 82%] https://larazon.bo/
[2025-06-24 12:25:57][INFO] <br>Procesando [24/28: 86%] https://www.lostiempos.com/
[2025-06-24 12:25:57][INFO] <br>Procesando [25/28: 89%] https://www.eldiario.net/portal/
[2025-06-24 12:25:57][INFO] <br>Procesando [26/28: 93%] https://es.kiosko.net/mx/
[2025-06-24 12:25:57][INFO] <br>Procesando [27/28: 96%] https://es.kiosko.net/pa/
[2025-06-24 12:25:57][INFO] <br>Procesando [28/28: 100%] https://es.kiosko.net/do/
[2025-06-24 12:25:57][INFO] <br>
[2025-06-24 12:25:57][INFO] Scraping finalizado a las 12:25:57. Duración: 135.83s
[2025-06-24 12:25:57][INFO] Proceso Scraping de Portadas completado exitosamente
[2025-06-24 12:25:57][INFO] Iniciando proceso: Actualización de Portadas
[2025-06-24 12:25:58][INFO] {"success":true,"message":"Procesamiento completado. Total insertados: 54"}
[2025-06-24 12:25:58][INFO] Proceso Actualización de Portadas completado exitosamente
[2025-06-24 12:25:58][INFO] Todos los procesos se completaron exitosamente
[2025-06-24 12:25:58][INFO] Iniciando limpieza de archivos de imagen no referenciados...
[2025-06-24 12:25:58][INFO] Total de imágenes referenciadas en BD: 114
[2025-06-24 12:25:58][INFO] Archivo eliminado (no referenciado): 2001_-_Dosmiluno_6233_original.webp (188,398 bytes)
[2025-06-24 12:25:58][INFO] Archivo eliminado (no referenciado): Al_D__a_A_M__2737_original.webp (260,228 bytes)
[2025-06-24 12:25:58][INFO] Archivo eliminado (no referenciado): Correio_Braziliense_6184_original.webp (180,554 bytes)
[2025-06-24 12:25:58][INFO] Archivo eliminado (no referenciado): Correio_Do_Povo_3038_original.webp (161,692 bytes)
[2025-06-24 12:25:58][INFO] Archivo eliminado (no referenciado): Correio__6698_original.webp (148,376 bytes)
[2025-06-24 12:25:58][INFO] Archivo eliminado (no referenciado): Dallas_Morning_News_5364_original.webp (219,992 bytes)
[2025-06-24 12:25:58][INFO] Archivo eliminado (no referenciado): Di__rio_A_Tarde_7729_original.webp (245,712 bytes)
[2025-06-24 12:25:58][INFO] Archivo eliminado (no referenciado): Diario_Cha__arcillo_4906_original.webp (182,124 bytes)
[2025-06-24 12:25:58][INFO] Archivo eliminado (no referenciado): Diario_Hoy_3592_original.webp (132,642 bytes)
[2025-06-24 12:25:58][INFO] Archivo eliminado (no referenciado): Diario_La_Capital_-_Mar_del_Plata_3093_original.webp (222,666 bytes)
[2025-06-24 12:25:58][INFO] Archivo eliminado (no referenciado): Diario_La_Regi__n_de_Coquimbo_9128_original.webp (149,600 bytes)
[2025-06-24 12:25:58][INFO] Archivo eliminado (no referenciado): Diario_Libre_9928_original.webp (175,776 bytes)
[2025-06-24 12:25:58][INFO] Archivo eliminado (no referenciado): Diario_de_Concepci__n_2632_original.webp (154,778 bytes)
[2025-06-24 12:25:58][INFO] Archivo eliminado (no referenciado): Diario_de_Yucat__n_2180_original.webp (282,116 bytes)
[2025-06-24 12:25:58][INFO] Archivo eliminado (no referenciado): El_Ancasti_3350_original.webp (168,570 bytes)
[2025-06-24 12:25:58][INFO] Archivo eliminado (no referenciado): El_D__a_de_la_Plata_1013_original.webp (153,430 bytes)
[2025-06-24 12:25:58][INFO] Archivo eliminado (no referenciado): El_Informador_3356_original.webp (297,384 bytes)
[2025-06-24 12:25:58][INFO] Archivo eliminado (no referenciado): El_Ping__ino_7594_original.webp (157,696 bytes)
[2025-06-24 12:25:58][INFO] Archivo eliminado (no referenciado): El_Sol_de_M__xico_9675_original.webp (181,870 bytes)
[2025-06-24 12:25:58][INFO] Archivo eliminado (no referenciado): El_Tel__grafo_3991_original.webp (171,376 bytes)
[2025-06-24 12:25:58][INFO] Archivo eliminado (no referenciado): El_Universal_5373_original.webp (155,966 bytes)
[2025-06-24 12:25:58][INFO] Archivo eliminado (no referenciado): Esto_3685_original.webp (176,072 bytes)
[2025-06-24 12:25:58][INFO] Archivo eliminado (no referenciado): Houston_Chronicle_2045_original.webp (295,764 bytes)
[2025-06-24 12:25:58][INFO] Archivo eliminado (no referenciado): La_Patria_6890_original.webp (151,740 bytes)
[2025-06-24 12:25:58][INFO] Archivo eliminado (no referenciado): La_Prensa_1267_original.webp (202,328 bytes)
[2025-06-24 12:25:58][INFO] Archivo eliminado (no referenciado): Los_Angeles_Times_6776_original.webp (327,352 bytes)
[2025-06-24 12:25:58][INFO] Archivo eliminado (no referenciado): Meridiano_5915_original.webp (169,418 bytes)
[2025-06-24 12:25:58][INFO] Archivo eliminado (no referenciado): New_York_Post_2917_original.webp (121,550 bytes)
[2025-06-24 12:25:58][INFO] Archivo eliminado (no referenciado): O_Dia_5106_original.webp (223,424 bytes)
[2025-06-24 12:25:58][INFO] Archivo eliminado (no referenciado): Ol___5116_original.webp (171,638 bytes)
[2025-06-24 12:25:58][INFO] Archivo eliminado (no referenciado): Periodiquito_de_Aragua_3884_original.webp (205,022 bytes)
[2025-06-24 12:25:58][INFO] Archivo eliminado (no referenciado): Rio_Negro_8577_original.webp (193,486 bytes)
[2025-06-24 12:25:58][INFO] Archivo eliminado (no referenciado): San_Francisco_Chronicle_7646_original.webp (294,742 bytes)
[2025-06-24 12:25:58][INFO] Archivo eliminado (no referenciado): Time_Magazine_4513_original.webp (51,458 bytes)
[2025-06-24 12:25:58][INFO] Archivo eliminado (no referenciado): 2001_-_Dosmiluno_6233_thumb.webp (51,332 bytes)
[2025-06-24 12:25:58][INFO] Archivo eliminado (no referenciado): Al_D__a_A_M__2737_thumb.webp (41,402 bytes)
[2025-06-24 12:25:58][INFO] Archivo eliminado (no referenciado): Correio_Braziliense_6184_thumb.webp (36,800 bytes)
[2025-06-24 12:25:58][INFO] Archivo eliminado (no referenciado): Correio_Do_Povo_3038_thumb.webp (38,772 bytes)
[2025-06-24 12:25:58][INFO] Archivo eliminado (no referenciado): Correio__6698_thumb.webp (43,268 bytes)
[2025-06-24 12:25:58][INFO] Archivo eliminado (no referenciado): Dallas_Morning_News_5364_thumb.webp (38,996 bytes)
[2025-06-24 12:25:58][INFO] Archivo eliminado (no referenciado): Di__rio_A_Tarde_7729_thumb.webp (45,230 bytes)
[2025-06-24 12:25:58][INFO] Archivo eliminado (no referenciado): Diario_Cha__arcillo_4906_thumb.webp (48,950 bytes)
[2025-06-24 12:25:58][INFO] Archivo eliminado (no referenciado): Diario_Hoy_3592_thumb.webp (37,052 bytes)
[2025-06-24 12:25:58][INFO] Archivo eliminado (no referenciado): Diario_La_Capital_-_Mar_del_Plata_3093_thumb.webp (54,422 bytes)
[2025-06-24 12:25:58][INFO] Archivo eliminado (no referenciado): Diario_La_Regi__n_de_Coquimbo_9128_thumb.webp (42,500 bytes)
[2025-06-24 12:25:58][INFO] Archivo eliminado (no referenciado): Diario_Libre_9928_thumb.webp (48,304 bytes)
[2025-06-24 12:25:58][INFO] Archivo eliminado (no referenciado): Diario_de_Concepci__n_2632_thumb.webp (40,606 bytes)
[2025-06-24 12:25:58][INFO] Archivo eliminado (no referenciado): Diario_de_Yucat__n_2180_thumb.webp (47,420 bytes)
[2025-06-24 12:25:58][INFO] Archivo eliminado (no referenciado): El_Ancasti_3350_thumb.webp (45,790 bytes)
[2025-06-24 12:25:58][INFO] Archivo eliminado (no referenciado): El_D__a_de_la_Plata_1013_thumb.webp (43,780 bytes)
[2025-06-24 12:25:58][INFO] Archivo eliminado (no referenciado): El_Informador_3356_thumb.webp (47,308 bytes)
[2025-06-24 12:25:58][INFO] Archivo eliminado (no referenciado): El_Ping__ino_7594_thumb.webp (44,524 bytes)
[2025-06-24 12:25:58][INFO] Archivo eliminado (no referenciado): El_Sol_de_M__xico_9675_thumb.webp (46,890 bytes)
[2025-06-24 12:25:58][INFO] Archivo eliminado (no referenciado): El_Tel__grafo_3991_thumb.webp (49,254 bytes)
[2025-06-24 12:25:58][INFO] Archivo eliminado (no referenciado): El_Universal_5373_thumb.webp (41,284 bytes)
[2025-06-24 12:25:58][INFO] Archivo eliminado (no referenciado): Esto_3685_thumb.webp (48,556 bytes)
[2025-06-24 12:25:58][INFO] Archivo eliminado (no referenciado): Houston_Chronicle_2045_thumb.webp (43,618 bytes)
[2025-06-24 12:25:58][INFO] Archivo eliminado (no referenciado): La_Patria_6890_thumb.webp (40,250 bytes)
[2025-06-24 12:25:58][INFO] Archivo eliminado (no referenciado): La_Prensa_1267_thumb.webp (54,612 bytes)
[2025-06-24 12:25:58][INFO] Archivo eliminado (no referenciado): Los_Angeles_Times_6776_thumb.webp (44,580 bytes)
[2025-06-24 12:25:58][INFO] Archivo eliminado (no referenciado): Meridiano_5915_thumb.webp (50,170 bytes)
[2025-06-24 12:25:58][INFO] Archivo eliminado (no referenciado): New_York_Post_2917_thumb.webp (35,446 bytes)
[2025-06-24 12:25:58][INFO] Archivo eliminado (no referenciado): O_Dia_5106_thumb.webp (52,200 bytes)
[2025-06-24 12:25:58][INFO] Archivo eliminado (no referenciado): Ol___5116_thumb.webp (47,882 bytes)
[2025-06-24 12:25:58][INFO] Archivo eliminado (no referenciado): Periodiquito_de_Aragua_3884_thumb.webp (53,138 bytes)
[2025-06-24 12:25:58][INFO] Archivo eliminado (no referenciado): Rio_Negro_8577_thumb.webp (46,676 bytes)
[2025-06-24 12:25:58][INFO] Archivo eliminado (no referenciado): San_Francisco_Chronicle_7646_thumb.webp (41,712 bytes)
[2025-06-24 12:25:58][INFO] Archivo eliminado (no referenciado): Time_Magazine_4513_thumb.webp (13,772 bytes)
[2025-06-24 12:25:58][INFO] === RESUMEN DE LIMPIEZA DE IMÁGENES ===
[2025-06-24 12:25:58][INFO] Archivos de imagen eliminados: 68
[2025-06-24 12:25:58][INFO] Espacio liberado (imágenes): 8,081,436 bytes (7.71 MB)
[2025-06-24 12:25:58][INFO] Archivos temporales eliminados: 0
[2025-06-24 12:25:58][INFO] Espacio liberado (temporales): 0 bytes (0.00 MB)
[2025-06-24 12:25:58][INFO] Total espacio liberado: 8,081,436 bytes (7.71 MB)
[2025-06-24 12:25:58][INFO] =========================================
