[30-May-2025 16:18:15 UTC] Error en https://es.kiosko.net/ar/: cURL error 60: SSL certificate problem: unable to get local issuer certificate (see https://curl.haxx.se/libcurl/c/libcurl-errors.html)
[30-May-2025 16:18:15 UTC] Error en https://es.kiosko.net/py/: cURL error 60: SSL certificate problem: unable to get local issuer certificate (see https://curl.haxx.se/libcurl/c/libcurl-errors.html)
[30-May-2025 16:18:16 UTC] Error en https://es.kiosko.net/py/np/py_5dias.html: cURL error 60: SSL certificate problem: unable to get local issuer certificate (see https://curl.haxx.se/libcurl/c/libcurl-errors.html)
[30-May-2025 16:18:16 UTC] Error en https://www.adndigital.com.py/: cURL error 60: SSL certificate problem: unable to get local issuer certificate (see https://curl.haxx.se/libcurl/c/libcurl-errors.html)
[30-May-2025 16:18:17 UTC] Error en https://www.cronica.com.py/: cURL error 60: SSL certificate problem: unable to get local issuer certificate (see https://curl.haxx.se/libcurl/c/libcurl-errors.html)
[30-May-2025 16:18:18 UTC] Error en https://independiente.com.py: cURL error 60: SSL certificate problem: unable to get local issuer certificate (see https://curl.haxx.se/libcurl/c/libcurl-errors.html)
[30-May-2025 16:18:18 UTC] Error en https://www.popular.com.py/: cURL error 60: SSL certificate problem: unable to get local issuer certificate (see https://curl.haxx.se/libcurl/c/libcurl-errors.html)
[30-May-2025 16:18:19 UTC] Error en https://www.ultimahora.com/: cURL error 60: SSL certificate problem: unable to get local issuer certificate (see https://curl.haxx.se/libcurl/c/libcurl-errors.html)
[30-May-2025 16:18:20 UTC] Error en https://www.abc.com.py/edicion-impresa/: cURL error 60: SSL certificate problem: unable to get local issuer certificate (see https://curl.haxx.se/libcurl/c/libcurl-errors.html)
[30-May-2025 16:18:21 UTC] Error en https://www.extra.com.py/: cURL error 60: SSL certificate problem: unable to get local issuer certificate (see https://curl.haxx.se/libcurl/c/libcurl-errors.html)
[30-May-2025 16:18:22 UTC] Error en https://www.ip.gov.py/ip/: cURL error 60: SSL certificate problem: unable to get local issuer certificate (see https://curl.haxx.se/libcurl/c/libcurl-errors.html)
[30-May-2025 16:18:22 UTC] Error en https://es.kiosko.net/br/: cURL error 60: SSL certificate problem: unable to get local issuer certificate (see https://curl.haxx.se/libcurl/c/libcurl-errors.html)
[30-May-2025 16:18:23 UTC] Error en https://es.kiosko.net/us/: cURL error 60: SSL certificate problem: unable to get local issuer certificate (see https://curl.haxx.se/libcurl/c/libcurl-errors.html)
[30-May-2025 16:18:23 UTC] Error en https://es.kiosko.net/uy/: cURL error 60: SSL certificate problem: unable to get local issuer certificate (see https://curl.haxx.se/libcurl/c/libcurl-errors.html)
[30-May-2025 16:18:24 UTC] Error en https://www.elobservador.com.uy/: cURL error 60: SSL certificate problem: unable to get local issuer certificate (see https://curl.haxx.se/libcurl/c/libcurl-errors.html)
[30-May-2025 16:18:25 UTC] Error en https://es.kiosko.net/cl/: cURL error 60: SSL certificate problem: unable to get local issuer certificate (see https://curl.haxx.se/libcurl/c/libcurl-errors.html)
[30-May-2025 16:18:25 UTC] Error en https://es.kiosko.net/co/: cURL error 60: SSL certificate problem: unable to get local issuer certificate (see https://curl.haxx.se/libcurl/c/libcurl-errors.html)
[30-May-2025 16:18:26 UTC] Error en https://es.kiosko.net/ec/: cURL error 60: SSL certificate problem: unable to get local issuer certificate (see https://curl.haxx.se/libcurl/c/libcurl-errors.html)
[30-May-2025 16:18:26 UTC] Error en https://es.kiosko.net/pe/: cURL error 60: SSL certificate problem: unable to get local issuer certificate (see https://curl.haxx.se/libcurl/c/libcurl-errors.html)
[30-May-2025 16:18:27 UTC] Error en https://es.kiosko.net/ve/: cURL error 60: SSL certificate problem: unable to get local issuer certificate (see https://curl.haxx.se/libcurl/c/libcurl-errors.html)
[30-May-2025 16:18:27 UTC] Error en https://es.kiosko.net/bo/: cURL error 60: SSL certificate problem: unable to get local issuer certificate (see https://curl.haxx.se/libcurl/c/libcurl-errors.html)
[30-May-2025 16:18:28 UTC] Error en https://eldeber.com.bo/: cURL error 60: SSL certificate problem: unable to get local issuer certificate (see https://curl.haxx.se/libcurl/c/libcurl-errors.html)
[30-May-2025 16:18:28 UTC] Error en https://larazon.bo/: cURL error 60: SSL certificate problem: unable to get local issuer certificate (see https://curl.haxx.se/libcurl/c/libcurl-errors.html)
[30-May-2025 16:18:29 UTC] Error en https://www.lostiempos.com/: cURL error 60: SSL certificate problem: unable to get local issuer certificate (see https://curl.haxx.se/libcurl/c/libcurl-errors.html)
[30-May-2025 16:18:30 UTC] Error en https://www.eldiario.net/portal/: cURL error 60: SSL certificate problem: unable to get local issuer certificate (see https://curl.haxx.se/libcurl/c/libcurl-errors.html)
[30-May-2025 16:18:30 UTC] Error en https://es.kiosko.net/mx/: cURL error 60: SSL certificate problem: unable to get local issuer certificate (see https://curl.haxx.se/libcurl/c/libcurl-errors.html)
[30-May-2025 16:18:31 UTC] Error en https://es.kiosko.net/pa/: cURL error 60: SSL certificate problem: unable to get local issuer certificate (see https://curl.haxx.se/libcurl/c/libcurl-errors.html)
[30-May-2025 16:18:31 UTC] Error en https://es.kiosko.net/do/: cURL error 60: SSL certificate problem: unable to get local issuer certificate (see https://curl.haxx.se/libcurl/c/libcurl-errors.html)
[30-May-2025 16:18:32 UTC] Error en https://es.kiosko.net/ar/: cURL error 60: SSL certificate problem: unable to get local issuer certificate (see https://curl.haxx.se/libcurl/c/libcurl-errors.html)
[30-May-2025 16:18:33 UTC] Error en https://es.kiosko.net/py/: cURL error 60: SSL certificate problem: unable to get local issuer certificate (see https://curl.haxx.se/libcurl/c/libcurl-errors.html)
[30-May-2025 16:18:34 UTC] Error en https://es.kiosko.net/py/np/py_5dias.html: cURL error 60: SSL certificate problem: unable to get local issuer certificate (see https://curl.haxx.se/libcurl/c/libcurl-errors.html)
[30-May-2025 16:18:34 UTC] Error en https://www.adndigital.com.py/: cURL error 60: SSL certificate problem: unable to get local issuer certificate (see https://curl.haxx.se/libcurl/c/libcurl-errors.html)
[30-May-2025 16:18:34 UTC] Error en https://www.cronica.com.py/: cURL error 60: SSL certificate problem: unable to get local issuer certificate (see https://curl.haxx.se/libcurl/c/libcurl-errors.html)
[30-May-2025 16:18:35 UTC] Error en https://independiente.com.py: cURL error 60: SSL certificate problem: unable to get local issuer certificate (see https://curl.haxx.se/libcurl/c/libcurl-errors.html)
[30-May-2025 16:18:35 UTC] Error en https://www.popular.com.py/: cURL error 60: SSL certificate problem: unable to get local issuer certificate (see https://curl.haxx.se/libcurl/c/libcurl-errors.html)
[30-May-2025 16:18:36 UTC] Error en https://www.ultimahora.com/: cURL error 60: SSL certificate problem: unable to get local issuer certificate (see https://curl.haxx.se/libcurl/c/libcurl-errors.html)
[30-May-2025 16:18:38 UTC] Error en https://www.abc.com.py/edicion-impresa/: cURL error 35: error:14077438:SSL routines:SSL23_GET_SERVER_HELLO:tlsv1 alert internal error (see https://curl.haxx.se/libcurl/c/libcurl-errors.html)
[30-May-2025 16:18:38 UTC] Error en https://www.extra.com.py/: cURL error 60: SSL certificate problem: unable to get local issuer certificate (see https://curl.haxx.se/libcurl/c/libcurl-errors.html)
[30-May-2025 16:18:39 UTC] Error en https://www.ip.gov.py/ip/: cURL error 60: SSL certificate problem: unable to get local issuer certificate (see https://curl.haxx.se/libcurl/c/libcurl-errors.html)
[30-May-2025 16:18:40 UTC] Error en https://es.kiosko.net/br/: cURL error 60: SSL certificate problem: unable to get local issuer certificate (see https://curl.haxx.se/libcurl/c/libcurl-errors.html)
[30-May-2025 16:18:40 UTC] Error en https://es.kiosko.net/us/: cURL error 60: SSL certificate problem: unable to get local issuer certificate (see https://curl.haxx.se/libcurl/c/libcurl-errors.html)
[30-May-2025 16:18:41 UTC] Error en https://es.kiosko.net/uy/: cURL error 60: SSL certificate problem: unable to get local issuer certificate (see https://curl.haxx.se/libcurl/c/libcurl-errors.html)
[30-May-2025 16:18:41 UTC] Error en https://www.elobservador.com.uy/: cURL error 60: SSL certificate problem: unable to get local issuer certificate (see https://curl.haxx.se/libcurl/c/libcurl-errors.html)
[30-May-2025 16:18:42 UTC] Error en https://es.kiosko.net/cl/: cURL error 60: SSL certificate problem: unable to get local issuer certificate (see https://curl.haxx.se/libcurl/c/libcurl-errors.html)
[30-May-2025 16:18:42 UTC] Error en https://es.kiosko.net/co/: cURL error 60: SSL certificate problem: unable to get local issuer certificate (see https://curl.haxx.se/libcurl/c/libcurl-errors.html)
[30-May-2025 16:18:43 UTC] Error en https://es.kiosko.net/ec/: cURL error 60: SSL certificate problem: unable to get local issuer certificate (see https://curl.haxx.se/libcurl/c/libcurl-errors.html)
[30-May-2025 16:18:43 UTC] Error en https://es.kiosko.net/pe/: cURL error 60: SSL certificate problem: unable to get local issuer certificate (see https://curl.haxx.se/libcurl/c/libcurl-errors.html)
[30-May-2025 16:18:44 UTC] Error en https://es.kiosko.net/ve/: cURL error 60: SSL certificate problem: unable to get local issuer certificate (see https://curl.haxx.se/libcurl/c/libcurl-errors.html)
[30-May-2025 16:18:45 UTC] Error en https://es.kiosko.net/bo/: cURL error 60: SSL certificate problem: unable to get local issuer certificate (see https://curl.haxx.se/libcurl/c/libcurl-errors.html)
[30-May-2025 16:18:45 UTC] Error en https://eldeber.com.bo/: cURL error 60: SSL certificate problem: unable to get local issuer certificate (see https://curl.haxx.se/libcurl/c/libcurl-errors.html)
[30-May-2025 16:18:45 UTC] Error en https://larazon.bo/: cURL error 60: SSL certificate problem: unable to get local issuer certificate (see https://curl.haxx.se/libcurl/c/libcurl-errors.html)
[30-May-2025 16:18:46 UTC] Error en https://www.lostiempos.com/: cURL error 60: SSL certificate problem: unable to get local issuer certificate (see https://curl.haxx.se/libcurl/c/libcurl-errors.html)
[30-May-2025 16:18:46 UTC] Error en https://www.eldiario.net/portal/: cURL error 60: SSL certificate problem: unable to get local issuer certificate (see https://curl.haxx.se/libcurl/c/libcurl-errors.html)
[30-May-2025 16:18:47 UTC] Error en https://es.kiosko.net/mx/: cURL error 60: SSL certificate problem: unable to get local issuer certificate (see https://curl.haxx.se/libcurl/c/libcurl-errors.html)
[30-May-2025 16:18:47 UTC] Error en https://es.kiosko.net/pa/: cURL error 60: SSL certificate problem: unable to get local issuer certificate (see https://curl.haxx.se/libcurl/c/libcurl-errors.html)
[30-May-2025 16:18:48 UTC] Error en https://es.kiosko.net/do/: cURL error 60: SSL certificate problem: unable to get local issuer certificate (see https://curl.haxx.se/libcurl/c/libcurl-errors.html)
[30-May-2025 16:18:49 UTC] Error en https://es.kiosko.net/ar/: cURL error 60: SSL certificate problem: unable to get local issuer certificate (see https://curl.haxx.se/libcurl/c/libcurl-errors.html)
[30-May-2025 16:18:49 UTC] Error en https://es.kiosko.net/py/: cURL error 60: SSL certificate problem: unable to get local issuer certificate (see https://curl.haxx.se/libcurl/c/libcurl-errors.html)
[30-May-2025 16:18:50 UTC] Error en https://es.kiosko.net/py/np/py_5dias.html: cURL error 60: SSL certificate problem: unable to get local issuer certificate (see https://curl.haxx.se/libcurl/c/libcurl-errors.html)
[30-May-2025 16:18:50 UTC] Error en https://www.adndigital.com.py/: cURL error 60: SSL certificate problem: unable to get local issuer certificate (see https://curl.haxx.se/libcurl/c/libcurl-errors.html)
[30-May-2025 16:18:51 UTC] Error en https://www.cronica.com.py/: cURL error 60: SSL certificate problem: unable to get local issuer certificate (see https://curl.haxx.se/libcurl/c/libcurl-errors.html)
[30-May-2025 16:18:51 UTC] Error en https://independiente.com.py: cURL error 60: SSL certificate problem: unable to get local issuer certificate (see https://curl.haxx.se/libcurl/c/libcurl-errors.html)
[30-May-2025 16:18:52 UTC] Error en https://www.popular.com.py/: cURL error 60: SSL certificate problem: unable to get local issuer certificate (see https://curl.haxx.se/libcurl/c/libcurl-errors.html)
[30-May-2025 16:18:52 UTC] Error en https://www.ultimahora.com/: cURL error 60: SSL certificate problem: unable to get local issuer certificate (see https://curl.haxx.se/libcurl/c/libcurl-errors.html)
[30-May-2025 16:18:53 UTC] Error en https://www.abc.com.py/edicion-impresa/: cURL error 60: SSL certificate problem: unable to get local issuer certificate (see https://curl.haxx.se/libcurl/c/libcurl-errors.html)
[30-May-2025 16:18:53 UTC] Error en https://www.extra.com.py/: cURL error 60: SSL certificate problem: unable to get local issuer certificate (see https://curl.haxx.se/libcurl/c/libcurl-errors.html)
[30-May-2025 16:18:54 UTC] Error en https://www.ip.gov.py/ip/: cURL error 60: SSL certificate problem: unable to get local issuer certificate (see https://curl.haxx.se/libcurl/c/libcurl-errors.html)
[30-May-2025 16:18:54 UTC] Error en https://es.kiosko.net/br/: cURL error 60: SSL certificate problem: unable to get local issuer certificate (see https://curl.haxx.se/libcurl/c/libcurl-errors.html)
[30-May-2025 16:18:55 UTC] Error en https://es.kiosko.net/us/: cURL error 60: SSL certificate problem: unable to get local issuer certificate (see https://curl.haxx.se/libcurl/c/libcurl-errors.html)
[30-May-2025 16:18:56 UTC] Error en https://es.kiosko.net/uy/: cURL error 60: SSL certificate problem: unable to get local issuer certificate (see https://curl.haxx.se/libcurl/c/libcurl-errors.html)
[30-May-2025 16:18:56 UTC] Error en https://www.elobservador.com.uy/: cURL error 60: SSL certificate problem: unable to get local issuer certificate (see https://curl.haxx.se/libcurl/c/libcurl-errors.html)
[30-May-2025 16:18:56 UTC] Error en https://es.kiosko.net/cl/: cURL error 60: SSL certificate problem: unable to get local issuer certificate (see https://curl.haxx.se/libcurl/c/libcurl-errors.html)
[30-May-2025 16:18:57 UTC] Error en https://es.kiosko.net/co/: cURL error 60: SSL certificate problem: unable to get local issuer certificate (see https://curl.haxx.se/libcurl/c/libcurl-errors.html)
[30-May-2025 16:18:58 UTC] Error en https://es.kiosko.net/ec/: cURL error 60: SSL certificate problem: unable to get local issuer certificate (see https://curl.haxx.se/libcurl/c/libcurl-errors.html)
[30-May-2025 16:18:58 UTC] Error en https://es.kiosko.net/pe/: cURL error 60: SSL certificate problem: unable to get local issuer certificate (see https://curl.haxx.se/libcurl/c/libcurl-errors.html)
[30-May-2025 16:18:59 UTC] Error en https://es.kiosko.net/ve/: cURL error 60: SSL certificate problem: unable to get local issuer certificate (see https://curl.haxx.se/libcurl/c/libcurl-errors.html)
[30-May-2025 16:18:59 UTC] Error en https://es.kiosko.net/bo/: cURL error 60: SSL certificate problem: unable to get local issuer certificate (see https://curl.haxx.se/libcurl/c/libcurl-errors.html)
[30-May-2025 16:19:00 UTC] Error en https://eldeber.com.bo/: cURL error 60: SSL certificate problem: unable to get local issuer certificate (see https://curl.haxx.se/libcurl/c/libcurl-errors.html)
[30-May-2025 16:19:00 UTC] Error en https://larazon.bo/: cURL error 60: SSL certificate problem: unable to get local issuer certificate (see https://curl.haxx.se/libcurl/c/libcurl-errors.html)
[30-May-2025 16:19:00 UTC] Error en https://www.lostiempos.com/: cURL error 60: SSL certificate problem: unable to get local issuer certificate (see https://curl.haxx.se/libcurl/c/libcurl-errors.html)
[30-May-2025 16:19:01 UTC] Error en https://www.eldiario.net/portal/: cURL error 60: SSL certificate problem: unable to get local issuer certificate (see https://curl.haxx.se/libcurl/c/libcurl-errors.html)
[30-May-2025 16:19:01 UTC] Error en https://es.kiosko.net/mx/: cURL error 60: SSL certificate problem: unable to get local issuer certificate (see https://curl.haxx.se/libcurl/c/libcurl-errors.html)
[30-May-2025 16:19:02 UTC] Error en https://es.kiosko.net/pa/: cURL error 60: SSL certificate problem: unable to get local issuer certificate (see https://curl.haxx.se/libcurl/c/libcurl-errors.html)
[30-May-2025 16:19:02 UTC] Error en https://es.kiosko.net/do/: cURL error 60: SSL certificate problem: unable to get local issuer certificate (see https://curl.haxx.se/libcurl/c/libcurl-errors.html)
[30-May-2025 16:22:54 UTC] Error en https://es.kiosko.net/ar/: cURL error 60: SSL certificate problem: unable to get local issuer certificate (see https://curl.haxx.se/libcurl/c/libcurl-errors.html)
[30-May-2025 16:22:54 UTC] Error en https://es.kiosko.net/py/: cURL error 60: SSL certificate problem: unable to get local issuer certificate (see https://curl.haxx.se/libcurl/c/libcurl-errors.html)
[30-May-2025 16:22:55 UTC] Error en https://es.kiosko.net/py/np/py_5dias.html: cURL error 60: SSL certificate problem: unable to get local issuer certificate (see https://curl.haxx.se/libcurl/c/libcurl-errors.html)
[30-May-2025 16:22:55 UTC] Error en https://www.adndigital.com.py/: cURL error 60: SSL certificate problem: unable to get local issuer certificate (see https://curl.haxx.se/libcurl/c/libcurl-errors.html)
[30-May-2025 16:22:56 UTC] Error en https://www.cronica.com.py/: cURL error 60: SSL certificate problem: unable to get local issuer certificate (see https://curl.haxx.se/libcurl/c/libcurl-errors.html)
[30-May-2025 16:22:57 UTC] Error en https://independiente.com.py: cURL error 60: SSL certificate problem: unable to get local issuer certificate (see https://curl.haxx.se/libcurl/c/libcurl-errors.html)
[30-May-2025 16:22:57 UTC] Error en https://www.popular.com.py/: cURL error 60: SSL certificate problem: unable to get local issuer certificate (see https://curl.haxx.se/libcurl/c/libcurl-errors.html)
[30-May-2025 16:22:58 UTC] Error en https://www.ultimahora.com/: cURL error 60: SSL certificate problem: unable to get local issuer certificate (see https://curl.haxx.se/libcurl/c/libcurl-errors.html)
[30-May-2025 16:22:59 UTC] Error en https://www.abc.com.py/edicion-impresa/: cURL error 60: SSL certificate problem: unable to get local issuer certificate (see https://curl.haxx.se/libcurl/c/libcurl-errors.html)
[30-May-2025 16:22:59 UTC] Error en https://www.extra.com.py/: cURL error 60: SSL certificate problem: unable to get local issuer certificate (see https://curl.haxx.se/libcurl/c/libcurl-errors.html)
[30-May-2025 16:23:00 UTC] Error en https://www.ip.gov.py/ip/: cURL error 60: SSL certificate problem: unable to get local issuer certificate (see https://curl.haxx.se/libcurl/c/libcurl-errors.html)
[30-May-2025 16:23:01 UTC] Error en https://es.kiosko.net/br/: cURL error 60: SSL certificate problem: unable to get local issuer certificate (see https://curl.haxx.se/libcurl/c/libcurl-errors.html)
[30-May-2025 16:23:01 UTC] Error en https://es.kiosko.net/us/: cURL error 60: SSL certificate problem: unable to get local issuer certificate (see https://curl.haxx.se/libcurl/c/libcurl-errors.html)
[30-May-2025 16:23:02 UTC] Error en https://es.kiosko.net/uy/: cURL error 60: SSL certificate problem: unable to get local issuer certificate (see https://curl.haxx.se/libcurl/c/libcurl-errors.html)
[30-May-2025 16:23:02 UTC] Error en https://www.elobservador.com.uy/: cURL error 60: SSL certificate problem: unable to get local issuer certificate (see https://curl.haxx.se/libcurl/c/libcurl-errors.html)
[30-May-2025 16:23:03 UTC] Error en https://es.kiosko.net/cl/: cURL error 60: SSL certificate problem: unable to get local issuer certificate (see https://curl.haxx.se/libcurl/c/libcurl-errors.html)
[30-May-2025 16:23:04 UTC] Error en https://es.kiosko.net/co/: cURL error 60: SSL certificate problem: unable to get local issuer certificate (see https://curl.haxx.se/libcurl/c/libcurl-errors.html)
[30-May-2025 16:23:04 UTC] Error en https://es.kiosko.net/ec/: cURL error 60: SSL certificate problem: unable to get local issuer certificate (see https://curl.haxx.se/libcurl/c/libcurl-errors.html)
[30-May-2025 16:23:05 UTC] Error en https://es.kiosko.net/pe/: cURL error 60: SSL certificate problem: unable to get local issuer certificate (see https://curl.haxx.se/libcurl/c/libcurl-errors.html)
[30-May-2025 16:23:05 UTC] Error en https://es.kiosko.net/ve/: cURL error 60: SSL certificate problem: unable to get local issuer certificate (see https://curl.haxx.se/libcurl/c/libcurl-errors.html)
[30-May-2025 16:23:06 UTC] Error en https://es.kiosko.net/bo/: cURL error 60: SSL certificate problem: unable to get local issuer certificate (see https://curl.haxx.se/libcurl/c/libcurl-errors.html)
[30-May-2025 16:23:06 UTC] Error en https://eldeber.com.bo/: cURL error 60: SSL certificate problem: unable to get local issuer certificate (see https://curl.haxx.se/libcurl/c/libcurl-errors.html)
[30-May-2025 16:23:07 UTC] Error en https://larazon.bo/: cURL error 60: SSL certificate problem: unable to get local issuer certificate (see https://curl.haxx.se/libcurl/c/libcurl-errors.html)
[30-May-2025 16:23:07 UTC] Error en https://www.lostiempos.com/: cURL error 60: SSL certificate problem: unable to get local issuer certificate (see https://curl.haxx.se/libcurl/c/libcurl-errors.html)
[30-May-2025 16:23:07 UTC] Error en https://www.eldiario.net/portal/: cURL error 60: SSL certificate problem: unable to get local issuer certificate (see https://curl.haxx.se/libcurl/c/libcurl-errors.html)
[30-May-2025 16:23:08 UTC] Error en https://es.kiosko.net/mx/: cURL error 60: SSL certificate problem: unable to get local issuer certificate (see https://curl.haxx.se/libcurl/c/libcurl-errors.html)
[30-May-2025 16:23:08 UTC] Error en https://es.kiosko.net/pa/: cURL error 60: SSL certificate problem: unable to get local issuer certificate (see https://curl.haxx.se/libcurl/c/libcurl-errors.html)
[30-May-2025 16:23:09 UTC] Error en https://es.kiosko.net/do/: cURL error 60: SSL certificate problem: unable to get local issuer certificate (see https://curl.haxx.se/libcurl/c/libcurl-errors.html)
